\BOOKMARK [0][-]{section*.1}{Conte\372do}{}% 1
\BOOKMARK [0][-]{section*.2}{Lista de Figuras}{}% 2
\BOOKMARK [0][-]{section*.3}{Lista de Tabelas}{}% 3
\BOOKMARK [0][-]{chapter.1}{Introdu\347\343o}{}% 4
\BOOKMARK [1][-]{section.1.1}{Motiva\347\343o}{chapter.1}% 5
\BOOKMARK [1][-]{section.1.2}{Hist\363ria do jogo}{chapter.1}% 6
\BOOKMARK [0][-]{chapter.2}{Tecnologias e Ferramentas Utilizadas}{}% 7
\BOOKMARK [1][-]{section.2.1}{OpenGL}{chapter.2}% 8
\BOOKMARK [1][-]{section.2.2}{GLFW}{chapter.2}% 9
\BOOKMARK [1][-]{section.2.3}{GLM}{chapter.2}% 10
\BOOKMARK [1][-]{section.2.4}{GLAD}{chapter.2}% 11
\BOOKMARK [1][-]{section.2.5}{ASSIMP}{chapter.2}% 12
\BOOKMARK [0][-]{chapter.3}{Desenvolvimento e Implementa\347\343o}{}% 13
\BOOKMARK [1][-]{section.3.1}{Gest\343o do projeto}{chapter.3}% 14
\BOOKMARK [1][-]{section.3.2}{Parte T\351cnica}{chapter.3}% 15
\BOOKMARK [2][-]{subsection.3.2.1}{Modela\347\343o}{section.3.2}% 16
\BOOKMARK [2][-]{subsection.3.2.2}{Intera\347\343o}{section.3.2}% 17
\BOOKMARK [2][-]{subsection.3.2.3}{Ilumina\347\343o}{section.3.2}% 18
\BOOKMARK [2][-]{subsection.3.2.4}{Texturiza\347\343o}{section.3.2}% 19
\BOOKMARK [1][-]{section.3.3}{Funcionalidades Extra}{chapter.3}% 20
\BOOKMARK [2][-]{subsection.3.3.1}{Menu}{section.3.3}% 21
\BOOKMARK [2][-]{subsection.3.3.2}{Sistemas de Pontua\347\343o}{section.3.3}% 22
\BOOKMARK [0][-]{chapter.4}{Conclus\365es e Trabalho Futuro}{}% 23
\BOOKMARK [1][-]{section.4.1}{Conclus\365es Principais}{chapter.4}% 24
\BOOKMARK [1][-]{section.4.2}{Trabalho Futuro}{chapter.4}% 25
\BOOKMARK [0][-]{chapter*.5}{Bibliografia}{}% 26
